<?xml version="1.0" encoding="UTF-8"?>
<testsuite name="DollarCalculatorTest" tests="3" skipped="0" failures="0" errors="0" timestamp="2021-09-16T01:15:11" hostname="DESKTOP-7JD8A4B" time="0.878">
  <properties/>
  <testcase name="dollarTest()" classname="DollarCalculatorTest" time="0.859"/>
  <testcase name="testHello()" classname="DollarCalculatorTest" time="0.012"/>
  <testcase name="mockTest()" classname="DollarCalculatorTest" time="0.005"/>
  <system-out><![CDATA[Test Hello
---------------------------
3000
---------------------------
]]></system-out>
  <system-err><![CDATA[]]></system-err>
</testsuite>
